[24-Jun-2022 06:08:51 UTC] PHP Fatal error:  Uncaught Error: Call to undefined function the_field() in /var/www/cpt.dev.drudesk.com/web/wp-content/themes/cpt/index.php:32
Stack trace:
#0 /var/www/cpt.dev.drudesk.com/web/wp-includes/template-loader.php(106): include()
#1 /var/www/cpt.dev.drudesk.com/web/wp-blog-header.php(19): require_once('/var/www/cpt.de...')
#2 /var/www/cpt.dev.drudesk.com/web/index.php(17): require('/var/www/cpt.de...')
#3 {main}
  thrown in /var/www/cpt.dev.drudesk.com/web/wp-content/themes/cpt/index.php on line 32
[24-Jun-2022 06:14:28 UTC] PHP Fatal error:  Uncaught Error: Call to undefined function the_field() in /var/www/cpt.dev.drudesk.com/web/wp-content/themes/cpt/index.php:32
Stack trace:
#0 /var/www/cpt.dev.drudesk.com/web/wp-includes/template-loader.php(106): include()
#1 /var/www/cpt.dev.drudesk.com/web/wp-blog-header.php(19): require_once('/var/www/cpt.de...')
#2 /var/www/cpt.dev.drudesk.com/web/index.php(17): require('/var/www/cpt.de...')
#3 {main}
  thrown in /var/www/cpt.dev.drudesk.com/web/wp-content/themes/cpt/index.php on line 32
[24-Jun-2022 06:15:07 UTC] PHP Fatal error:  Uncaught Error: Call to undefined function the_field() in /var/www/cpt.dev.drudesk.com/web/wp-content/themes/cpt/index.php:32
Stack trace:
#0 /var/www/cpt.dev.drudesk.com/web/wp-includes/template-loader.php(106): include()
#1 /var/www/cpt.dev.drudesk.com/web/wp-blog-header.php(19): require_once('/var/www/cpt.de...')
#2 /var/www/cpt.dev.drudesk.com/web/index.php(17): require('/var/www/cpt.de...')
#3 {main}
  thrown in /var/www/cpt.dev.drudesk.com/web/wp-content/themes/cpt/index.php on line 32
[24-Jun-2022 11:50:56 UTC] PHP Warning:  call_user_func_array() expects parameter 1 to be a valid callback, function 'university_post_types' not found or invalid function name in /var/www/cpt.dev.drudesk.com/web/wp-includes/class-wp-hook.php on line 307
[24-Jun-2022 11:50:58 UTC] PHP Warning:  call_user_func_array() expects parameter 1 to be a valid callback, function 'university_post_types' not found or invalid function name in /var/www/cpt.dev.drudesk.com/web/wp-includes/class-wp-hook.php on line 307
[24-Jun-2022 11:50:58 UTC] PHP Warning:  call_user_func_array() expects parameter 1 to be a valid callback, function 'university_post_types' not found or invalid function name in /var/www/cpt.dev.drudesk.com/web/wp-includes/class-wp-hook.php on line 307
[24-Jun-2022 11:51:24 UTC] PHP Warning:  call_user_func_array() expects parameter 1 to be a valid callback, function 'c[t_post_types' not found or invalid function name in /var/www/cpt.dev.drudesk.com/web/wp-includes/class-wp-hook.php on line 307
[24-Jun-2022 11:52:00 UTC] PHP Warning:  call_user_func_array() expects parameter 1 to be a valid callback, function 'c[t_post_types' not found or invalid function name in /var/www/cpt.dev.drudesk.com/web/wp-includes/class-wp-hook.php on line 307
[24-Jun-2022 11:52:01 UTC] PHP Warning:  call_user_func_array() expects parameter 1 to be a valid callback, function 'c[t_post_types' not found or invalid function name in /var/www/cpt.dev.drudesk.com/web/wp-includes/class-wp-hook.php on line 307
[24-Jun-2022 11:52:01 UTC] PHP Warning:  call_user_func_array() expects parameter 1 to be a valid callback, function 'c[t_post_types' not found or invalid function name in /var/www/cpt.dev.drudesk.com/web/wp-includes/class-wp-hook.php on line 307
[24-Jun-2022 11:55:04 UTC] PHP Warning:  call_user_func_array() expects parameter 1 to be a valid callback, function 'c[t_post_types' not found or invalid function name in /var/www/cpt.dev.drudesk.com/web/wp-includes/class-wp-hook.php on line 307
[24-Jun-2022 11:55:07 UTC] PHP Warning:  call_user_func_array() expects parameter 1 to be a valid callback, function 'c[t_post_types' not found or invalid function name in /var/www/cpt.dev.drudesk.com/web/wp-includes/class-wp-hook.php on line 307
[24-Jun-2022 11:55:07 UTC] PHP Warning:  call_user_func_array() expects parameter 1 to be a valid callback, function 'c[t_post_types' not found or invalid function name in /var/www/cpt.dev.drudesk.com/web/wp-includes/class-wp-hook.php on line 307
[24-Jun-2022 11:55:09 UTC] PHP Warning:  call_user_func_array() expects parameter 1 to be a valid callback, function 'c[t_post_types' not found or invalid function name in /var/www/cpt.dev.drudesk.com/web/wp-includes/class-wp-hook.php on line 307
[24-Jun-2022 11:55:09 UTC] PHP Warning:  call_user_func_array() expects parameter 1 to be a valid callback, function 'c[t_post_types' not found or invalid function name in /var/www/cpt.dev.drudesk.com/web/wp-includes/class-wp-hook.php on line 307
[30-Jun-2022 12:24:34 UTC] PHP Fatal error:  Uncaught Error: Call to undefined function the_theme_file_uri() in /var/www/cpt.dev.drudesk.com/web/wp-content/themes/cpt/page-slide-10.php:19
Stack trace:
#0 /var/www/cpt.dev.drudesk.com/web/wp-includes/template-loader.php(106): include()
#1 /var/www/cpt.dev.drudesk.com/web/wp-blog-header.php(19): require_once('/var/www/cpt.de...')
#2 /var/www/cpt.dev.drudesk.com/web/index.php(17): require('/var/www/cpt.de...')
#3 {main}
  thrown in /var/www/cpt.dev.drudesk.com/web/wp-content/themes/cpt/page-slide-10.php on line 19
[01-Jul-2022 11:57:12 UTC] PHP Fatal error:  Uncaught Error: Call to undefined function the_field() in /var/www/cpt.dev.drudesk.com/web/wp-content/themes/cpt/index.php:36
Stack trace:
#0 /var/www/cpt.dev.drudesk.com/web/wp-includes/template-loader.php(106): include()
#1 /var/www/cpt.dev.drudesk.com/web/wp-blog-header.php(19): require_once('/var/www/cpt.de...')
#2 /var/www/cpt.dev.drudesk.com/web/index.php(17): require('/var/www/cpt.de...')
#3 {main}
  thrown in /var/www/cpt.dev.drudesk.com/web/wp-content/themes/cpt/index.php on line 36
